c:\dev\cogni-draw\cogni-draw\cogni-draw\x64\debug\vc143.pdb
c:\dev\cogni-draw\cogni-draw\cogni-draw\x64\debug\vc143.idb
c:\dev\cogni-draw\cogni-draw\cogni-draw\x64\debug\stb_image_imp.obj
c:\dev\cogni-draw\cogni-draw\cogni-draw\x64\debug\vbo.obj
c:\dev\cogni-draw\cogni-draw\cogni-draw\x64\debug\vao.obj
c:\dev\cogni-draw\cogni-draw\cogni-draw\x64\debug\texture.obj
c:\dev\cogni-draw\cogni-draw\cogni-draw\x64\debug\shader.obj
c:\dev\cogni-draw\cogni-draw\cogni-draw\x64\debug\ebo.obj
c:\dev\cogni-draw\cogni-draw\x64\debug\cogni-draw.pdb
c:\dev\cogni-draw\cogni-draw\cogni-draw\x64\debug\cogni-draw.tlog\cl.command.1.tlog
c:\dev\cogni-draw\cogni-draw\cogni-draw\x64\debug\cogni-draw.tlog\cl.read.1.tlog
c:\dev\cogni-draw\cogni-draw\cogni-draw\x64\debug\cogni-draw.tlog\cl.write.1.tlog
c:\dev\cogni-draw\cogni-draw\cogni-draw\x64\debug\cogni-draw.tlog\link-cvtres.read.1.tlog
c:\dev\cogni-draw\cogni-draw\cogni-draw\x64\debug\cogni-draw.tlog\link-cvtres.write.1.tlog
c:\dev\cogni-draw\cogni-draw\cogni-draw\x64\debug\cogni-draw.tlog\link-rc.read.1.tlog
c:\dev\cogni-draw\cogni-draw\cogni-draw\x64\debug\cogni-draw.tlog\link-rc.write.1.tlog
c:\dev\cogni-draw\cogni-draw\cogni-draw\x64\debug\cogni-draw.tlog\link.command.1.tlog
c:\dev\cogni-draw\cogni-draw\cogni-draw\x64\debug\cogni-draw.tlog\link.read.1.tlog
c:\dev\cogni-draw\cogni-draw\cogni-draw\x64\debug\cogni-draw.tlog\link.read.2.tlog
c:\dev\cogni-draw\cogni-draw\cogni-draw\x64\debug\cogni-draw.tlog\link.read.3.tlog
c:\dev\cogni-draw\cogni-draw\cogni-draw\x64\debug\cogni-draw.tlog\link.read.4.tlog
c:\dev\cogni-draw\cogni-draw\cogni-draw\x64\debug\cogni-draw.tlog\link.write.1.tlog
