  Shader.cpp
  Texture.cpp
  VAO.cpp
  stb_image_imp.cpp
  Generating Code...
EBO.obj : error LNK2001: unresolved external symbol glad_glBindBuffer
VBO.obj : error LNK2001: unresolved external symbol glad_glBindBuffer
EBO.obj : error LNK2001: unresolved external symbol glad_glDeleteBuffers
VBO.obj : error LNK2001: unresolved external symbol glad_glDeleteBuffers
EBO.obj : error LNK2001: unresolved external symbol glad_glBufferSubData
Shader.obj : error LNK2001: unresolved external symbol glad_glAttachShader
Shader.obj : error LNK2001: unresolved external symbol glad_glCompileShader
Shader.obj : error LNK2001: unresolved external symbol glad_glCreateProgram
Shader.obj : error LNK2001: unresolved external symbol glad_glCreateShader
Shader.obj : error LNK2001: unresolved external symbol glad_glDeleteShader
Shader.obj : error LNK2001: unresolved external symbol glad_glGetProgramiv
Shader.obj : error LNK2001: unresolved external symbol glad_glGetProgramInfoLog
Shader.obj : error LNK2001: unresolved external symbol glad_glGetShaderiv
Shader.obj : error LNK2001: unresolved external symbol glad_glGetShaderInfoLog
Shader.obj : error LNK2001: unresolved external symbol glad_glGetUniformLocation
Shader.obj : error LNK2001: unresolved external symbol glad_glLinkProgram
Shader.obj : error LNK2001: unresolved external symbol glad_glShaderSource
Shader.obj : error LNK2001: unresolved external symbol glad_glUseProgram
Shader.obj : error LNK2001: unresolved external symbol glad_glUniform1f
Shader.obj : error LNK2001: unresolved external symbol glad_glUniform3f
Shader.obj : error LNK2001: unresolved external symbol glad_glUniform4f
Shader.obj : error LNK2001: unresolved external symbol glad_glUniform1i
Shader.obj : error LNK2001: unresolved external symbol glad_glUniformMatrix4fv
Shader.obj : error LNK2001: unresolved external symbol glad_glValidateProgram
Texture.obj : error LNK2001: unresolved external symbol glad_glTexParameteri
Texture.obj : error LNK2001: unresolved external symbol glad_glTexImage2D
Texture.obj : error LNK2001: unresolved external symbol glad_glBindTexture
Texture.obj : error LNK2001: unresolved external symbol glad_glDeleteTextures
Texture.obj : error LNK2001: unresolved external symbol glad_glGenTextures
Texture.obj : error LNK2001: unresolved external symbol glad_glActiveTexture
Texture.obj : error LNK2001: unresolved external symbol glad_glGenerateMipmap
VAO.obj : error LNK2001: unresolved external symbol glad_glEnableVertexAttribArray
VAO.obj : error LNK2001: unresolved external symbol glad_glVertexAttribPointer
VAO.obj : error LNK2001: unresolved external symbol glad_glBindVertexArray
VAO.obj : error LNK2001: unresolved external symbol glad_glDeleteVertexArrays
VAO.obj : error LNK2001: unresolved external symbol glad_glGenVertexArrays
VBO.obj : error LNK2001: unresolved external symbol glad_glGenBuffers
VBO.obj : error LNK2001: unresolved external symbol glad_glBufferData
MSVCRTD.lib(exe_main.obj) : error LNK2019: unresolved external symbol main referenced in function "int __cdecl invoke_main(void)" (?invoke_main@@YAHXZ)
C:\Dev\Cogni-draw\Cogni-draw\x64\Debug\Cogni-draw.exe : fatal error LNK1120: 37 unresolved externals
